<?xml version="1.0" encoding="UTF-8" ?>
<testsuite tests="7" failures="1" name="TestServidor_Cliente.TestGestionVehiculo" time="0.445" errors="1" skipped="0">
  <properties>
[...]
</properties>
  <testcase classname="TestServidor_Cliente.TestGestionVehiculo" name="TestA" time="0.034"/>
  <testcase classname="TestServidor_Cliente.TestGestionVehiculo" name="TestB" time="0.241"/>
  <testcase classname="TestServidor_Cliente.TestGestionVehiculo" name="TestC" time="0.033">
    <error message="Expected a com.google.gson.JsonObject but was com.google.gson.JsonNull" type="com.google.gson.JsonSyntaxException">com.google.gson.JsonSyntaxException: Expected a com.google.gson.JsonObject but was com.google.gson.JsonNull
	at com.google.gson.internal.bind.TypeAdapters$35$1.read(TypeAdapters.java:896)
	at com.google.gson.Gson.fromJson(Gson.java:888)
	at com.google.gson.Gson.fromJson(Gson.java:853)
	at com.google.gson.Gson.fromJson(Gson.java:802)
	at com.google.gson.Gson.fromJson(Gson.java:774)
	at TestServidor_Cliente.TestGestionVehiculo.TestC(TestGestionVehiculo.java:145)
	at java.base/jdk.internal.reflect.DirectMethodHandleAccessor.invoke(DirectMethodHandleAccessor.java:104)
	at java.base/java.lang.reflect.Method.invoke(Method.java:577)
	at org.junit.runners.model.FrameworkMethod$1.runReflectiveCall(FrameworkMethod.java:59)
	at org.junit.internal.runners.model.ReflectiveCallable.run(ReflectiveCallable.java:12)
	at org.junit.runners.model.FrameworkMethod.invokeExplosively(FrameworkMethod.java:56)
	at org.junit.internal.runners.statements.InvokeMethod.evaluate(InvokeMethod.java:17)
	at org.junit.runners.ParentRunner$3.evaluate(ParentRunner.java:306)
	at org.junit.runners.BlockJUnit4ClassRunner$1.evaluate(BlockJUnit4ClassRunner.java:100)
	at org.junit.runners.ParentRunner.runLeaf(ParentRunner.java:366)
	at org.junit.runners.BlockJUnit4ClassRunner.runChild(BlockJUnit4ClassRunner.java:103)
	at org.junit.runners.BlockJUnit4ClassRunner.runChild(BlockJUnit4ClassRunner.java:63)
	at org.junit.runners.ParentRunner$4.run(ParentRunner.java:331)
	at org.junit.runners.ParentRunner$1.schedule(ParentRunner.java:79)
	at org.junit.runners.ParentRunner.runChildren(ParentRunner.java:329)
	at org.junit.runners.ParentRunner.access$100(ParentRunner.java:66)
	at org.junit.runners.ParentRunner$2.evaluate(ParentRunner.java:293)
	at org.junit.runners.ParentRunner$3.evaluate(ParentRunner.java:306)
	at org.junit.runners.ParentRunner.run(ParentRunner.java:413)
	at org.apache.maven.surefire.junit4.JUnit4Provider.execute(JUnit4Provider.java:252)
	at org.apache.maven.surefire.junit4.JUnit4Provider.executeTestSet(JUnit4Provider.java:141)
	at org.apache.maven.surefire.junit4.JUnit4Provider.invoke(JUnit4Provider.java:112)
	at java.base/jdk.internal.reflect.DirectMethodHandleAccessor.invoke(DirectMethodHandleAccessor.java:104)
	at java.base/java.lang.reflect.Method.invoke(Method.java:577)
	at org.apache.maven.surefire.util.ReflectionUtils.invokeMethodWithArray(ReflectionUtils.java:189)
	at org.apache.maven.surefire.booter.ProviderFactory$ProviderProxy.invoke(ProviderFactory.java:165)
	at org.apache.maven.surefire.booter.ProviderFactory.invokeProvider(ProviderFactory.java:85)
	at org.apache.maven.surefire.booter.ForkedBooter.runSuitesInProcess(ForkedBooter.java:115)
	at org.apache.maven.surefire.booter.ForkedBooter.main(ForkedBooter.java:75)
</error>
    <system-out>-----------TEST 3------- ----------
-----INSERTAR NUEVO VEHICULO-------
CLI:
{&quot;vehicle&quot;:{&quot;datosVh&quot;:[],&quot;idvehiculo&quot;:8,&quot;marca&quot;:&quot;BMW&quot;,&quot;modelo&quot;:&quot;Seri10&quot;,&quot;matricula&quot;:&quot;1234BMW&quot;,&quot;kilometros_alta&quot;:1000.0,&quot;fecha_alta&quot;:&quot;Feb 9, 2023, 12:00:00 AM&quot;,&quot;conductorid&quot;:0,&quot;empresaid&quot;:1,&quot;kilometros_actuales&quot;:1000.0},&quot;clase&quot;:&quot;Vehicle.class&quot;,&quot;token&quot;:&quot;7d7189d7-f116-4178-9dbf-d7a22b9afb0c&quot;,&quot;accio&quot;:2}

SRV:
null

</system-out>
    <system-err>abr 11, 2023 10:21:49 P. M. damjei_Servidor_Run.Server$1 run
SEVERE: null
java.text.ParseException: Unparseable date: &quot;Feb 9, 2023, 12:00:00 AM&quot;
	at java.base/java.text.DateFormat.parse(DateFormat.java:399)
	at damjei_BD.SqlVehiculos.InsertarVehiculo(SqlVehiculos.java:56)
	at damjei_GestionClases.GestionVehiculo.GestionVehiculo(GestionVehiculo.java:81)
	at damjei_ConexionCliente.ProcesarConsulta.ConsultaCliente(ProcesarConsulta.java:102)
	at damjei_Servidor_Run.Server$1.run(Server.java:167)
	at java.base/java.lang.Thread.run(Thread.java:833)

</system-err>
  </testcase>
  <testcase classname="TestServidor_Cliente.TestGestionVehiculo" name="TestD" time="0.039"/>
  <testcase classname="TestServidor_Cliente.TestGestionVehiculo" name="TestE" time="0.032"/>
  <testcase classname="TestServidor_Cliente.TestGestionVehiculo" name="TestF" time="0.034">
    <failure message="expected:&lt;true&gt; but was:&lt;false&gt;" type="java.lang.AssertionError">java.lang.AssertionError: expected:&lt;true&gt; but was:&lt;false&gt;
	at org.junit.Assert.fail(Assert.java:89)
	at org.junit.Assert.failNotEquals(Assert.java:835)
	at org.junit.Assert.assertEquals(Assert.java:120)
	at org.junit.Assert.assertEquals(Assert.java:146)
	at TestServidor_Cliente.TestGestionVehiculo.TestF(TestGestionVehiculo.java:286)
	at java.base/jdk.internal.reflect.DirectMethodHandleAccessor.invoke(DirectMethodHandleAccessor.java:104)
	at java.base/java.lang.reflect.Method.invoke(Method.java:577)
	at org.junit.runners.model.FrameworkMethod$1.runReflectiveCall(FrameworkMethod.java:59)
	at org.junit.internal.runners.model.ReflectiveCallable.run(ReflectiveCallable.java:12)
	at org.junit.runners.model.FrameworkMethod.invokeExplosively(FrameworkMethod.java:56)
	at org.junit.internal.runners.statements.InvokeMethod.evaluate(InvokeMethod.java:17)
	at org.junit.runners.ParentRunner$3.evaluate(ParentRunner.java:306)
	at org.junit.runners.BlockJUnit4ClassRunner$1.evaluate(BlockJUnit4ClassRunner.java:100)
	at org.junit.runners.ParentRunner.runLeaf(ParentRunner.java:366)
	at org.junit.runners.BlockJUnit4ClassRunner.runChild(BlockJUnit4ClassRunner.java:103)
	at org.junit.runners.BlockJUnit4ClassRunner.runChild(BlockJUnit4ClassRunner.java:63)
	at org.junit.runners.ParentRunner$4.run(ParentRunner.java:331)
	at org.junit.runners.ParentRunner$1.schedule(ParentRunner.java:79)
	at org.junit.runners.ParentRunner.runChildren(ParentRunner.java:329)
	at org.junit.runners.ParentRunner.access$100(ParentRunner.java:66)
	at org.junit.runners.ParentRunner$2.evaluate(ParentRunner.java:293)
	at org.junit.runners.ParentRunner$3.evaluate(ParentRunner.java:306)
	at org.junit.runners.ParentRunner.run(ParentRunner.java:413)
	at org.apache.maven.surefire.junit4.JUnit4Provider.execute(JUnit4Provider.java:252)
	at org.apache.maven.surefire.junit4.JUnit4Provider.executeTestSet(JUnit4Provider.java:141)
	at org.apache.maven.surefire.junit4.JUnit4Provider.invoke(JUnit4Provider.java:112)
	at java.base/jdk.internal.reflect.DirectMethodHandleAccessor.invoke(DirectMethodHandleAccessor.java:104)
	at java.base/java.lang.reflect.Method.invoke(Method.java:577)
	at org.apache.maven.surefire.util.ReflectionUtils.invokeMethodWithArray(ReflectionUtils.java:189)
	at org.apache.maven.surefire.booter.ProviderFactory$ProviderProxy.invoke(ProviderFactory.java:165)
	at org.apache.maven.surefire.booter.ProviderFactory.invokeProvider(ProviderFactory.java:85)
	at org.apache.maven.surefire.booter.ForkedBooter.runSuitesInProcess(ForkedBooter.java:115)
	at org.apache.maven.surefire.booter.ForkedBooter.main(ForkedBooter.java:75)
</failure>
    <system-out>----------TEST 6------------
-----ELIMINAR VEHICULO-------
CLI:
{&quot;vehicle&quot;:{&quot;datosVh&quot;:[],&quot;idvehiculo&quot;:0,&quot;matricula&quot;:&quot;1234BMW&quot;,&quot;conductorid&quot;:0,&quot;empresaid&quot;:0},&quot;clase&quot;:&quot;Vehicle.class&quot;,&quot;token&quot;:&quot;7d7189d7-f116-4178-9dbf-d7a22b9afb0c&quot;,&quot;accio&quot;:4}

0
SRV:
{&quot;correcte&quot;:false}

</system-out>
  </testcase>
  <testcase classname="TestServidor_Cliente.TestGestionVehiculo" name="TestG" time="0.032"/>
</testsuite>