<?xml version="1.0" encoding="UTF-8" ?>
<testsuite tests="7" failures="0" name="TestServidor_Cliente.TestMantenimiento" time="0.481" errors="1" skipped="0">
  <properties>
[...]
</properties>
  <testcase classname="TestServidor_Cliente.TestMantenimiento" name="TestA" time="0.007"/>
  <testcase classname="TestServidor_Cliente.TestMantenimiento" name="TestB" time="0.266"/>
  <testcase classname="TestServidor_Cliente.TestMantenimiento" name="TestC" time="0.042"/>
  <testcase classname="TestServidor_Cliente.TestMantenimiento" name="TestD" time="0.032"/>
  <testcase classname="TestServidor_Cliente.TestMantenimiento" name="TestE" time="0.032"/>
  <testcase classname="TestServidor_Cliente.TestMantenimiento" name="TestF" time="0.063"/>
  <testcase classname="TestServidor_Cliente.TestMantenimiento" name="TestG" time="0.039">
    <error message="Expected a com.google.gson.JsonObject but was com.google.gson.JsonPrimitive" type="com.google.gson.JsonSyntaxException">com.google.gson.JsonSyntaxException: Expected a com.google.gson.JsonObject but was com.google.gson.JsonPrimitive
	at com.google.gson.internal.bind.TypeAdapters$35$1.read(TypeAdapters.java:896)
	at com.google.gson.Gson.fromJson(Gson.java:888)
	at com.google.gson.Gson.fromJson(Gson.java:853)
	at com.google.gson.Gson.fromJson(Gson.java:802)
	at com.google.gson.Gson.fromJson(Gson.java:774)
	at TestServidor_Cliente.TestMantenimiento.TestG(TestMantenimiento.java:322)
	at java.base/jdk.internal.reflect.DirectMethodHandleAccessor.invoke(DirectMethodHandleAccessor.java:104)
	at java.base/java.lang.reflect.Method.invoke(Method.java:577)
	at org.junit.runners.model.FrameworkMethod$1.runReflectiveCall(FrameworkMethod.java:59)
	at org.junit.internal.runners.model.ReflectiveCallable.run(ReflectiveCallable.java:12)
	at org.junit.runners.model.FrameworkMethod.invokeExplosively(FrameworkMethod.java:56)
	at org.junit.internal.runners.statements.InvokeMethod.evaluate(InvokeMethod.java:17)
	at org.junit.runners.ParentRunner$3.evaluate(ParentRunner.java:306)
	at org.junit.runners.BlockJUnit4ClassRunner$1.evaluate(BlockJUnit4ClassRunner.java:100)
	at org.junit.runners.ParentRunner.runLeaf(ParentRunner.java:366)
	at org.junit.runners.BlockJUnit4ClassRunner.runChild(BlockJUnit4ClassRunner.java:103)
	at org.junit.runners.BlockJUnit4ClassRunner.runChild(BlockJUnit4ClassRunner.java:63)
	at org.junit.runners.ParentRunner$4.run(ParentRunner.java:331)
	at org.junit.runners.ParentRunner$1.schedule(ParentRunner.java:79)
	at org.junit.runners.ParentRunner.runChildren(ParentRunner.java:329)
	at org.junit.runners.ParentRunner.access$100(ParentRunner.java:66)
	at org.junit.runners.ParentRunner$2.evaluate(ParentRunner.java:293)
	at org.junit.runners.ParentRunner$3.evaluate(ParentRunner.java:306)
	at org.junit.runners.ParentRunner.run(ParentRunner.java:413)
	at org.apache.maven.surefire.junit4.JUnit4Provider.execute(JUnit4Provider.java:252)
	at org.apache.maven.surefire.junit4.JUnit4Provider.executeTestSet(JUnit4Provider.java:141)
	at org.apache.maven.surefire.junit4.JUnit4Provider.invoke(JUnit4Provider.java:112)
	at java.base/jdk.internal.reflect.DirectMethodHandleAccessor.invoke(DirectMethodHandleAccessor.java:104)
	at java.base/java.lang.reflect.Method.invoke(Method.java:577)
	at org.apache.maven.surefire.util.ReflectionUtils.invokeMethodWithArray(ReflectionUtils.java:189)
	at org.apache.maven.surefire.booter.ProviderFactory$ProviderProxy.invoke(ProviderFactory.java:165)
	at org.apache.maven.surefire.booter.ProviderFactory.invokeProvider(ProviderFactory.java:85)
	at org.apache.maven.surefire.booter.ForkedBooter.runSuitesInProcess(ForkedBooter.java:115)
	at org.apache.maven.surefire.booter.ForkedBooter.main(ForkedBooter.java:75)
</error>
    <system-out>--------------TEST G------------------
--------MODIFICAR MANTENIMIENTO------------
CLI:
{&quot;mantenimiento&quot;:{&quot;datosMt&quot;:[],&quot;idmantenimiento&quot;:0,&quot;nombre&quot;:&quot;Diesel&quot;,&quot;kilometros_mantenimiento&quot;:60000.0,&quot;fecha_mantenimiento&quot;:&quot;24-12-2&quot;},&quot;clase&quot;:&quot;Mantenimiento.class&quot;,&quot;token&quot;:&quot;ac67b6dc-2fb0-480f-a925-0d1b5e8833b0&quot;,&quot;accio&quot;:6}

SRV:
false

</system-out>
  </testcase>
</testsuite>