<?xml version="1.0" encoding="UTF-8" ?>
<testsuite tests="5" failures="0" name="TestServidor_Cliente.TestServer" time="0.36" errors="0" skipped="0">
  <properties>
[...]
</properties>
  <testcase classname="TestServidor_Cliente.TestServer" name="TestA" time="0.02"/>
  <testcase classname="TestServidor_Cliente.TestServer" name="TestB" time="0.271"/>
  <testcase classname="TestServidor_Cliente.TestServer" name="TestC" time="0.032"/>
  <testcase classname="TestServidor_Cliente.TestServer" name="TestD" time="0.003"/>
  <testcase classname="TestServidor_Cliente.TestServer" name="TestE" time="0.034"/>
</testsuite>