<?xml version="1.0" encoding="UTF-8" ?>
<testsuite tests="3" failures="0" name="TestServidor_Cliente.TestGestionUsuario" time="0.275" errors="1" skipped="0">
  <properties>
[...]
</properties>
  <testcase classname="TestServidor_Cliente.TestGestionUsuario" name="IniciarServerOK" time="0.006"/>
  <testcase classname="TestServidor_Cliente.TestGestionUsuario" name="InsertarUsuario" time="0.232"/>
  <testcase classname="TestServidor_Cliente.TestGestionUsuario" name="Actualizar" time="0.037">
    <error message="Cannot invoke &quot;com.google.gson.JsonObject.get(String)&quot; because &quot;this.objecte&quot; is null" type="java.lang.NullPointerException">java.lang.NullPointerException: Cannot invoke &quot;com.google.gson.JsonObject.get(String)&quot; because &quot;this.objecte&quot; is null
	at TestServidor_Cliente.TestGestionUsuario.Actualizar(TestGestionUsuario.java:136)
	at java.base/jdk.internal.reflect.DirectMethodHandleAccessor.invoke(DirectMethodHandleAccessor.java:104)
	at java.base/java.lang.reflect.Method.invoke(Method.java:577)
	at org.junit.internal.runners.TestMethod.invoke(TestMethod.java:59)
	at org.junit.internal.runners.MethodRoadie.runTestMethod(MethodRoadie.java:98)
	at org.junit.internal.runners.MethodRoadie$2.run(MethodRoadie.java:79)
	at org.junit.internal.runners.MethodRoadie.runBeforesThenTestThenAfters(MethodRoadie.java:87)
	at org.junit.internal.runners.MethodRoadie.runTest(MethodRoadie.java:77)
	at org.junit.internal.runners.MethodRoadie.run(MethodRoadie.java:42)
	at org.junit.internal.runners.JUnit4ClassRunner.invokeTestMethod(JUnit4ClassRunner.java:88)
	at org.junit.internal.runners.JUnit4ClassRunner.runMethods(JUnit4ClassRunner.java:51)
	at org.junit.internal.runners.JUnit4ClassRunner$1.run(JUnit4ClassRunner.java:44)
	at org.junit.internal.runners.ClassRoadie.runUnprotected(ClassRoadie.java:27)
	at org.junit.internal.runners.ClassRoadie.runProtected(ClassRoadie.java:37)
	at org.junit.internal.runners.JUnit4ClassRunner.run(JUnit4ClassRunner.java:42)
	at org.apache.maven.surefire.junit4.JUnit4Provider.execute(JUnit4Provider.java:252)
	at org.apache.maven.surefire.junit4.JUnit4Provider.executeTestSet(JUnit4Provider.java:141)
	at org.apache.maven.surefire.junit4.JUnit4Provider.invoke(JUnit4Provider.java:112)
	at java.base/jdk.internal.reflect.DirectMethodHandleAccessor.invoke(DirectMethodHandleAccessor.java:104)
	at java.base/java.lang.reflect.Method.invoke(Method.java:577)
	at org.apache.maven.surefire.util.ReflectionUtils.invokeMethodWithArray(ReflectionUtils.java:189)
	at org.apache.maven.surefire.booter.ProviderFactory$ProviderProxy.invoke(ProviderFactory.java:165)
	at org.apache.maven.surefire.booter.ProviderFactory.invokeProvider(ProviderFactory.java:85)
	at org.apache.maven.surefire.booter.ForkedBooter.runSuitesInProcess(ForkedBooter.java:115)
	at org.apache.maven.surefire.booter.ForkedBooter.main(ForkedBooter.java:75)
</error>
    <system-out>-----TEST 3-------
-----ACTUALIZAR CONTRASEÑA-------
--------- CLIENTE---{&quot;empleat&quot;:{&quot;datos&quot;:[],&quot;idempleado&quot;:0,&quot;dni&quot;:&quot;admin&quot;,&quot;id_empresa&quot;:1,&quot;contrasenya&quot;:&quot;admin&quot;,&quot;administrador&quot;:false},&quot;clase&quot;:&quot;Empleats.class&quot;,&quot;accio&quot;:3}
CLI:
{&quot;empleat&quot;:{&quot;datos&quot;:[],&quot;idempleado&quot;:0,&quot;dni&quot;:&quot;admin&quot;,&quot;id_empresa&quot;:1,&quot;contrasenya&quot;:&quot;admin&quot;,&quot;administrador&quot;:false},&quot;clase&quot;:&quot;Empleats.class&quot;,&quot;accio&quot;:3}

SRV:
{&quot;correcte&quot;:true}

---------RECIBE CLIENTE---{&quot;correcte&quot;:true}
</system-out>
  </testcase>
</testsuite>